{"/Users/danbi/Dev/react-components/packages/app/src/react-app-env.d.ts": {"path":"/Users/danbi/Dev/react-components/packages/app/src/react-app-env.d.ts","statementMap":{},"fnMap":{},"branchMap":{},"s":{},"f":{},"b":{},"inputSourceMap":null}
,"/Users/danbi/Dev/react-components/packages/app/src/reportWebVitals.ts": {"path":"/Users/danbi/Dev/react-components/packages/app/src/reportWebVitals.ts","statementMap":{"0":{"start":{"line":3,"column":24},"end":{"line":13,"column":1}},"1":{"start":{"line":4,"column":2},"end":{"line":12,"column":null}},"2":{"start":{"line":5,"column":4},"end":{"line":11,"column":7}},"3":{"start":{"line":5,"column":4},"end":{"line":5,"column":25}},"4":{"start":{"line":5,"column":39},"end":{"line":5,"column":41}},"5":{"start":{"line":5,"column":47},"end":{"line":5,"column":49}},"6":{"start":{"line":5,"column":55},"end":{"line":5,"column":57}},"7":{"start":{"line":5,"column":63},"end":{"line":5,"column":65}},"8":{"start":{"line":5,"column":72},"end":{"line":5,"column":74}},"9":{"start":{"line":6,"column":6},"end":{"line":6,"column":26}},"10":{"start":{"line":7,"column":6},"end":{"line":7,"column":26}},"11":{"start":{"line":8,"column":6},"end":{"line":8,"column":26}},"12":{"start":{"line":9,"column":6},"end":{"line":9,"column":26}},"13":{"start":{"line":10,"column":6},"end":{"line":10,"column":27}},"14":{"start":{"line":15,"column":0},"end":{"line":15,"column":31}}},"fnMap":{"0":{"name":"(anonymous_0)","decl":{"start":{"line":3,"column":24},"end":{"line":3,"column":25}},"loc":{"start":{"line":3,"column":52},"end":{"line":13,"column":1}}},"1":{"name":"(anonymous_1)","decl":{"start":{"line":5,"column":4},"end":{"line":5,"column":11}},"loc":{"start":{"line":5,"column":4},"end":{"line":5,"column":25}}},"2":{"name":"(anonymous_2)","decl":{"start":{"line":5,"column":30},"end":{"line":5,"column":31}},"loc":{"start":{"line":5,"column":74},"end":{"line":11,"column":5}}}},"branchMap":{"0":{"loc":{"start":{"line":4,"column":2},"end":{"line":12,"column":null}},"type":"if","locations":[{"start":{"line":4,"column":2},"end":{"line":12,"column":null}},{"start":{"line":4,"column":2},"end":{"line":12,"column":null}}]},"1":{"loc":{"start":{"line":4,"column":6},"end":{"line":4,"column":17}},"type":"binary-expr","locations":[{"start":{"line":4,"column":6},"end":{"line":4,"column":17}},{"start":{"line":4,"column":21},"end":{"line":4,"column":52}}]}},"s":{"0":0,"1":0,"2":0,"3":0,"4":0,"5":0,"6":0,"7":0,"8":0,"9":0,"10":0,"11":0,"12":0,"13":0,"14":0},"f":{"0":0,"1":0,"2":0},"b":{"0":[0,0],"1":[0,0]}}
,"/Users/danbi/Dev/react-components/packages/app/src/setupTests.ts": {"path":"/Users/danbi/Dev/react-components/packages/app/src/setupTests.ts","statementMap":{"0":{"start":{"line":5,"column":0},"end":{"line":5,"column":35}}},"fnMap":{},"branchMap":{},"s":{"0":0},"f":{},"b":{}}
,"/Users/danbi/Dev/react-components/packages/exelbid/src/Types.ts": {"path":"/Users/danbi/Dev/react-components/packages/exelbid/src/Types.ts","statementMap":{"0":{"start":{"line":1,"column":0},"end":{"line":1,"column":18}}},"fnMap":{},"branchMap":{},"s":{"0":0},"f":{},"b":{}}
,"/Users/danbi/Dev/react-components/packages/exelbid/src/defaultProps.ts": {"path":"/Users/danbi/Dev/react-components/packages/exelbid/src/defaultProps.ts","statementMap":{"0":{"start":{"line":7,"column":13},"end":{"line":11,"column":2}}},"fnMap":{},"branchMap":{},"s":{"0":0},"f":{},"b":{}}
,"/Users/danbi/Dev/react-components/packages/exelbid/src/exelbid.lib.ts": {"path":"/Users/danbi/Dev/react-components/packages/exelbid/src/exelbid.lib.ts","statementMap":{"0":{"start":{"line":1,"column":0},"end":{"line":25,"column":52}},"1":{"start":{"line":8,"column":2},"end":{"line":8,"column":32}},"2":{"start":{"line":8,"column":25},"end":{"line":8,"column":32}},"3":{"start":{"line":9,"column":2},"end":{"line":9,"column":29}},"4":{"start":{"line":11,"column":2},"end":{"line":11,"column":30}},"5":{"start":{"line":11,"column":17},"end":{"line":11,"column":30}},"6":{"start":{"line":12,"column":2},"end":{"line":14,"column":4}},"7":{"start":{"line":13,"column":4},"end":{"line":13,"column":72}},"8":{"start":{"line":15,"column":2},"end":{"line":15,"column":13}},"9":{"start":{"line":17,"column":17},"end":{"line":17,"column":49}},"10":{"start":{"line":20,"column":2},"end":{"line":20,"column":22}},"11":{"start":{"line":21,"column":2},"end":{"line":21,"column":29}},"12":{"start":{"line":23,"column":32},"end":{"line":23,"column":74}},"13":{"start":{"line":24,"column":2},"end":{"line":24,"column":43}}},"fnMap":{"0":{"name":"(anonymous_0)","decl":{"start":{"line":1,"column":16},"end":{"line":1,"column":null}},"loc":{"start":{"line":4,"column":23},"end":{"line":25,"column":1}}},"1":{"name":"(anonymous_1)","decl":{"start":{"line":12,"column":11},"end":{"line":12,"column":null}},"loc":{"start":{"line":12,"column":11},"end":{"line":14,"column":3}}}},"branchMap":{"0":{"loc":{"start":{"line":8,"column":2},"end":{"line":8,"column":32}},"type":"if","locations":[{"start":{"line":8,"column":2},"end":{"line":8,"column":32}},{"start":{"line":8,"column":2},"end":{"line":8,"column":32}}]},"1":{"loc":{"start":{"line":11,"column":2},"end":{"line":11,"column":30}},"type":"if","locations":[{"start":{"line":11,"column":2},"end":{"line":11,"column":30}},{"start":{"line":11,"column":2},"end":{"line":11,"column":30}}]},"2":{"loc":{"start":{"line":13,"column":17},"end":{"line":13,"column":47}},"type":"cond-expr","locations":[{"start":{"line":13,"column":17},"end":{"line":13,"column":47}},{"start":{"line":13,"column":50},"end":{"line":13,"column":71}}]},"3":{"loc":{"start":{"line":24,"column":16},"end":{"line":24,"column":18}},"type":"cond-expr","locations":[{"start":{"line":24,"column":16},"end":{"line":24,"column":18}},{"start":{"line":24,"column":16},"end":{"line":24,"column":42}}]},"4":{"loc":{"start":{"line":24,"column":2},"end":{"line":24,"column":18}},"type":"binary-expr","locations":[{"start":{"line":24,"column":2},"end":{"line":24,"column":18}},{"start":{"line":24,"column":16},"end":{"line":24,"column":18}}]},"5":{"loc":{"start":{"line":24,"column":4},"end":{"line":24,"column":6}},"type":"cond-expr","locations":[{"start":{"line":24,"column":4},"end":{"line":24,"column":6}},{"start":{"line":24,"column":2},"end":{"line":24,"column":16}}]},"6":{"loc":{"start":{"line":24,"column":2},"end":{"line":24,"column":6}},"type":"binary-expr","locations":[{"start":{"line":24,"column":2},"end":{"line":24,"column":6}},{"start":{"line":24,"column":2},"end":{"line":24,"column":6}}]}},"s":{"0":0,"1":0,"2":0,"3":0,"4":0,"5":0,"6":0,"7":0,"8":0,"9":0,"10":0,"11":0,"12":0,"13":0},"f":{"0":0,"1":0},"b":{"0":[0,0],"1":[0,0],"2":[0,0],"3":[0,0],"4":[0,0],"5":[0,0],"6":[0,0]}}
}
